<?xml version="1.0" encoding="utf-8"?><testsuites name="pytest tests"><testsuite name="pytest" errors="0" failures="0" skipped="0" tests="20" time="3.987" timestamp="2026-08-12T08:21:44.848996+00:00" hostname="agent-env-1d3c7602-43e5-48f9-ba9f-ada13bba66a4"><testcase classname="tests.test_backend" name="test_root" time="0.203" /><testcase classname="tests.test_backend" name="test_login_success" time="0.405" /><testcase classname="tests.test_backend" name="test_login_invalid" time="0.360" /><testcase classname="tests.test_backend" name="test_me_requires_auth" time="0.104" /><testcase classname="tests.test_backend" name="test_me_with_token" time="0.096" /><testcase classname="tests.test_backend" name="test_create_enquiry_public" time="0.192" /><testcase classname="tests.test_backend" name="test_list_enquiries_requires_auth" time="0.112" /><testcase classname="tests.test_backend" name="test_list_enquiries_with_token" time="0.129" /><testcase classname="tests.test_backend" name="test_patch_enquiry_status" time="0.098" /><testcase classname="tests.test_backend" name="test_get_seo_public" time="0.108" /><testcase classname="tests.test_backend" name="test_put_seo_requires_auth" time="0.101" /><testcase classname="tests.test_backend" name="test_put_seo_with_token_updates_and_persists" time="0.440" /><testcase classname="tests.test_backend" name="test_sitemap_xml" time="0.098" /><testcase classname="tests.test_backend" name="test_create_review_valid" time="0.097" /><testcase classname="tests.test_backend" name="test_create_review_invalid_rating_zero" time="0.109" /><testcase classname="tests.test_backend" name="test_create_review_invalid_rating_six" time="0.238" /><testcase classname="tests.test_backend" name="test_list_reviews" time="0.095" /><testcase classname="tests.test_backend" name="test_reviews_summary" time="0.135" /><testcase classname="tests.test_backend" name="test_list_enquiries_pagination" time="0.096" /><testcase classname="tests.test_backend" name="test_favicon_reachable" time="0.140" /></testsuite></testsuites>