<?xml version="1.0" encoding="utf-8"?><testsuites name="pytest tests"><testsuite name="pytest" errors="0" failures="0" skipped="0" tests="7" time="2.086" timestamp="2026-08-14T08:57:39.069981+00:00" hostname="agent-env-69c35105-c483-4739-81d7-98953d5e6b5f"><testcase classname="tests.test_seo_popup.TestPageSeo" name="test_get_pages" time="0.163" /><testcase classname="tests.test_seo_popup.TestPopup" name="test_get_popup" time="0.220" /><testcase classname="tests.test_seo_popup.TestPageSeo" name="test_put_pages_unauthorized" time="0.108" /><testcase classname="tests.test_seo_popup.TestPopup" name="test_put_popup_unauthorized" time="0.131" /><testcase classname="tests.test_seo_popup.TestPageSeo" name="test_put_pages_persist_and_restore" time="1.027" /><testcase classname="tests.test_seo_popup.TestPopup" name="test_put_popup_persist_and_restore" time="0.893" /><testcase classname="tests.test_seo_popup.TestEnquiries" name="test_create_popup_enquiry" time="0.232" /></testsuite></testsuites>